<?xml version="1.0" encoding="UTF-8"?>
<!-- Generated by org.testng.reporters.JUnitReportReporter -->
<testsuite hostname="DESKTOP-LEJRCLR" name="AllTests.dynamicControls" tests="1" failures="0" timestamp="18 Feb 2021 14:21:06 GMT" time="19.249" errors="0">
  <testcase name="runTest" time="19.249" classname="AllTests.dynamicControls"/>
</testsuite> <!-- AllTests.dynamicControls -->
