<?xml version="1.0" encoding="UTF-8"?>
<!-- Generated by org.testng.reporters.JUnitReportReporter -->
<testsuite hostname="DESKTOP-LEJRCLR" name="AllTests.contextMenu" tests="1" failures="0" timestamp="18 Feb 2021 14:29:34 GMT" time="7.007" errors="0">
  <testcase name="runTest" time="7.007" classname="AllTests.contextMenu"/>
</testsuite> <!-- AllTests.contextMenu -->
