<?xml version="1.0" encoding="UTF-8"?>
<!-- Generated by org.testng.reporters.JUnitReportReporter -->
<testsuite hostname="DESKTOP-LEJRCLR" name="AllTests.dynamicContent" tests="1" failures="0" timestamp="22 Feb 2021 12:19:56 GMT" time="7.298" errors="0">
  <testcase name="runTest" time="7.298" classname="AllTests.dynamicContent"/>
</testsuite> <!-- AllTests.dynamicContent -->
