<?xml version="1.0" encoding="UTF-8"?>
<!-- Generated by org.testng.reporters.JUnitReportReporter -->
<testsuite hostname="DESKTOP-LEJRCLR" name="AllTests.formAuthenticationLogin" tests="1" failures="0" timestamp="18 Feb 2021 18:40:47 GMT" time="8.912" errors="0">
  <testcase name="runTest" time="8.912" classname="AllTests.formAuthenticationLogin"/>
</testsuite> <!-- AllTests.formAuthenticationLogin -->
