<?xml version="1.0" encoding="UTF-8"?>
<!-- Generated by org.testng.reporters.JUnitReportReporter -->
<testsuite hostname="DESKTOP-LEJRCLR" name="AllTests.AddRemoveElements" tests="1" failures="0" timestamp="17 Feb 2021 18:58:32 GMT" time="6.957" errors="0">
  <testcase name="runTest" time="6.957" classname="AllTests.AddRemoveElements"/>
</testsuite> <!-- AllTests.AddRemoveElements -->
