<?xml version="1.0" encoding="UTF-8"?>
<!-- Generated by org.testng.reporters.JUnitReportReporter -->
<testsuite hostname="DESKTOP-LEJRCLR" name="AllTests.formAuthenticationLogin" tests="1" failures="0" timestamp="22 Feb 2021 12:22:44 GMT" time="8.394" errors="0">
  <testcase name="runTest" time="8.394" classname="AllTests.formAuthenticationLogin"/>
</testsuite> <!-- AllTests.formAuthenticationLogin -->
