<?xml version="1.0" encoding="UTF-8"?>
<!-- Generated by org.testng.reporters.JUnitReportReporter -->
<testsuite hostname="DESKTOP-LEJRCLR" name="AllTests.hover" tests="1" failures="0" timestamp="22 Feb 2021 13:57:13 GMT" time="10.995" errors="0">
  <testcase name="runTest" time="10.995" classname="AllTests.hover"/>
</testsuite> <!-- AllTests.hover -->
