<?xml version="1.0" encoding="UTF-8"?>
<!-- Generated by org.testng.reporters.JUnitReportReporter -->
<testsuite hostname="DESKTOP-LEJRCLR" name="AllTests.redirectLink" tests="1" failures="0" timestamp="22 Feb 2021 17:18:41 GMT" time="7.704" errors="0">
  <testcase name="runTest" time="7.704" classname="AllTests.redirectLink"/>
</testsuite> <!-- AllTests.redirectLink -->
