<?xml version="1.0" encoding="UTF-8"?>
<!-- Generated by org.testng.reporters.JUnitReportReporter -->
<testsuite hostname="DESKTOP-LEJRCLR" name="AllTests.fileUpload" tests="1" failures="0" timestamp="22 Feb 2021 12:22:01 GMT" time="9.376" errors="0">
  <testcase name="runTest" time="9.376" classname="AllTests.fileUpload"/>
</testsuite> <!-- AllTests.fileUpload -->
