<?xml version="1.0" encoding="UTF-8"?>
<!-- Generated by org.testng.reporters.JUnitReportReporter -->
<testsuite hostname="DESKTOP-LEJRCLR" name="AllTests.checkBoxes" tests="1" failures="0" timestamp="17 Feb 2021 19:55:46 GMT" time="2.792" errors="0">
  <testcase name="runTest" time="2.792" classname="AllTests.checkBoxes"/>
</testsuite> <!-- AllTests.checkBoxes -->
