<?xml version="1.0" encoding="UTF-8"?>
<!-- Generated by org.testng.reporters.JUnitReportReporter -->
<testsuite hostname="DESKTOP-LEJRCLR" name="AllTests.javascriptAlerts" tests="1" failures="0" timestamp="22 Feb 2021 15:27:28 GMT" time="15.010" errors="0">
  <testcase name="runTest" time="15.010" classname="AllTests.javascriptAlerts"/>
</testsuite> <!-- AllTests.javascriptAlerts -->
