<?xml version="1.0" encoding="UTF-8"?>
<!-- Generated by org.testng.reporters.JUnitReportReporter -->
<testsuite hostname="DESKTOP-LEJRCLR" name="AllTests.dynamicControls" tests="1" failures="0" timestamp="22 Feb 2021 12:20:29 GMT" time="20.199" errors="0">
  <testcase name="runTest" time="20.199" classname="AllTests.dynamicControls"/>
</testsuite> <!-- AllTests.dynamicControls -->
