<?xml version="1.0" encoding="UTF-8"?>
<!-- Generated by org.testng.reporters.JUnitReportReporter -->
<testsuite hostname="DESKTOP-LEJRCLR" name="AllTests.horizontalSlider" tests="1" failures="0" timestamp="22 Feb 2021 12:23:03 GMT" time="6.059" errors="0">
  <testcase name="runTest" time="6.059" classname="AllTests.horizontalSlider"/>
</testsuite> <!-- AllTests.horizontalSlider -->
