<?xml version="1.0" encoding="UTF-8"?>
<!-- Generated by org.testng.reporters.JUnitReportReporter -->
<testsuite hostname="DESKTOP-LEJRCLR" name="AllTests.hover" tests="1" failures="0" timestamp="18 Feb 2021 18:58:19 GMT" time="6.366" errors="0">
  <testcase name="runTest" time="6.366" classname="AllTests.hover"/>
</testsuite> <!-- AllTests.hover -->
