<?xml version="1.0" encoding="UTF-8"?>
<!-- Generated by org.testng.reporters.JUnitReportReporter -->
<testsuite hostname="DESKTOP-LEJRCLR" name="AllTests.entryAd" tests="1" failures="0" timestamp="22 Feb 2021 12:21:08 GMT" time="9.803" errors="0">
  <testcase name="runTest" time="9.803" classname="AllTests.entryAd"/>
</testsuite> <!-- AllTests.entryAd -->
