<?xml version="1.0" encoding="UTF-8"?>
<!-- Generated by org.testng.reporters.JUnitReportReporter -->
<testsuite hostname="DESKTOP-LEJRCLR" name="AllTests.fileUpload" tests="1" failures="0" timestamp="18 Feb 2021 17:20:07 GMT" time="9.161" errors="0">
  <testcase name="runTest" time="9.161" classname="AllTests.fileUpload"/>
</testsuite> <!-- AllTests.fileUpload -->
