<?xml version="1.0" encoding="UTF-8"?>
<!-- Generated by org.testng.reporters.JUnitReportReporter -->
<testsuite hostname="DESKTOP-LEJRCLR" name="AllTests.notificationMessages" tests="1" failures="0" timestamp="22 Feb 2021 17:13:43 GMT" time="7.351" errors="0">
  <testcase name="runTest" time="7.351" classname="AllTests.notificationMessages"/>
</testsuite> <!-- AllTests.notificationMessages -->
