<?xml version="1.0" encoding="UTF-8"?>
<!-- Generated by org.testng.reporters.JUnitReportReporter -->
<testsuite hostname="DESKTOP-LEJRCLR" name="AllTests.DisappearingElements" tests="1" failures="0" timestamp="22 Feb 2021 12:18:40 GMT" time="10.027" errors="0">
  <testcase name="runTest" time="10.027" classname="AllTests.DisappearingElements"/>
</testsuite> <!-- AllTests.DisappearingElements -->
