<?xml version="1.0" encoding="UTF-8"?>
<!-- Generated by org.testng.reporters.JUnitReportReporter -->
<testsuite hostname="DESKTOP-LEJRCLR" name="AllTests.DisappearingElements" tests="1" failures="0" timestamp="18 Feb 2021 14:46:15 GMT" time="9.928" errors="0">
  <testcase name="runTest" time="9.928" classname="AllTests.DisappearingElements"/>
</testsuite> <!-- AllTests.DisappearingElements -->
