<?xml version="1.0" encoding="UTF-8"?>
<!-- Generated by org.testng.reporters.JUnitReportReporter -->
<testsuite hostname="DESKTOP-LEJRCLR" name="AllTests.contextMenu" tests="1" failures="0" timestamp="22 Feb 2021 12:18:17 GMT" time="7.712" errors="0">
  <testcase name="runTest" time="7.712" classname="AllTests.contextMenu"/>
</testsuite> <!-- AllTests.contextMenu -->
