<?xml version="1.0" encoding="UTF-8"?>
<!-- Generated by org.testng.reporters.JUnitReportReporter -->
<testsuite hostname="DESKTOP-LEJRCLR" name="AllTests.FloatingMenu" tests="1" failures="0" timestamp="18 Feb 2021 17:30:14 GMT" time="10.562" errors="0">
  <testcase name="runTest" time="10.562" classname="AllTests.FloatingMenu"/>
</testsuite> <!-- AllTests.FloatingMenu -->
