<?xml version="1.0" encoding="UTF-8"?>
<!-- Generated by org.testng.reporters.JUnitReportReporter -->
<testsuite hostname="DESKTOP-LEJRCLR" name="AllTests.horizontalSlider" tests="1" failures="0" timestamp="18 Feb 2021 18:48:56 GMT" time="8.213" errors="0">
  <testcase name="runTest" time="8.213" classname="AllTests.horizontalSlider"/>
</testsuite> <!-- AllTests.horizontalSlider -->
