<?xml version="1.0" encoding="UTF-8"?>
<!-- Generated by org.testng.reporters.JUnitReportReporter -->
<testsuite hostname="DESKTOP-LEJRCLR" name="AllTests.AddRemoveElements" tests="1" failures="0" timestamp="22 Feb 2021 12:10:52 GMT" time="9.323" errors="0">
  <testcase name="runTest" time="9.323" classname="AllTests.AddRemoveElements"/>
</testsuite> <!-- AllTests.AddRemoveElements -->
