<?xml version="1.0" encoding="UTF-8"?>
<!-- Generated by org.testng.reporters.JUnitReportReporter -->
<testsuite hostname="DESKTOP-LEJRCLR" name="AllTests.dynamicContent" tests="1" failures="0" timestamp="18 Feb 2021 13:34:02 GMT" time="6.899" errors="0">
  <testcase name="runTest" time="6.899" classname="AllTests.dynamicContent"/>
</testsuite> <!-- AllTests.dynamicContent -->
