<?xml version="1.0" encoding="UTF-8"?>
<!-- Generated by org.testng.reporters.JUnitReportReporter -->
<testsuite hostname="DESKTOP-LEJRCLR" name="AllTests.FloatingMenu" tests="1" failures="0" timestamp="22 Feb 2021 12:22:19 GMT" time="6.511" errors="0">
  <testcase name="runTest" time="6.511" classname="AllTests.FloatingMenu"/>
</testsuite> <!-- AllTests.FloatingMenu -->
