<?xml version="1.0" encoding="UTF-8"?>
<!-- Generated by org.testng.reporters.JUnitReportReporter -->
<testsuite hostname="DESKTOP-LEJRCLR" name="AllTests.DragAndDrop" tests="1" failures="0" timestamp="22 Feb 2021 12:19:14 GMT" time="19.269" errors="0">
  <testcase name="runTest" time="19.269" classname="AllTests.DragAndDrop"/>
</testsuite> <!-- AllTests.DragAndDrop -->
