<?xml version="1.0" encoding="UTF-8"?>
<!-- Generated by org.testng.reporters.JUnitReportReporter -->
<testsuite hostname="DESKTOP-LEJRCLR" name="AllTests.checkBoxes" tests="1" failures="0" timestamp="22 Feb 2021 12:17:53 GMT" time="3.177" errors="0">
  <testcase name="runTest" time="3.177" classname="AllTests.checkBoxes"/>
</testsuite> <!-- AllTests.checkBoxes -->
