<?xml version="1.0" encoding="UTF-8"?>
<!-- Generated by org.testng.reporters.JUnitReportReporter -->
<testsuite hostname="DESKTOP-LEJRCLR" name="AllTests.dropDown" tests="1" failures="0" timestamp="22 Feb 2021 12:19:33 GMT" time="5.204" errors="0">
  <testcase name="runTest" time="5.204" classname="AllTests.dropDown"/>
</testsuite> <!-- AllTests.dropDown -->
