<?xml version="1.0" encoding="UTF-8"?>
<!-- Generated by org.testng.reporters.JUnitReportReporter -->
<testsuite hostname="DESKTOP-LEJRCLR" name="AllTests.BrokenImage" tests="1" failures="0" timestamp="22 Feb 2021 12:17:36 GMT" time="3.122" errors="0">
  <testcase name="runTest" time="3.122" classname="AllTests.BrokenImage"/>
</testsuite> <!-- AllTests.BrokenImage -->
