<?xml version="1.0" encoding="UTF-8"?>
<!-- Generated by org.testng.reporters.JUnitReportReporter -->
<testsuite hostname="DESKTOP-LEJRCLR" name="AllTests.DragAndDrop" tests="1" failures="0" timestamp="18 Feb 2021 14:35:24 GMT" time="23.830" errors="0">
  <testcase name="runTest" time="23.830" classname="AllTests.DragAndDrop"/>
</testsuite> <!-- AllTests.DragAndDrop -->
