<?xml version="1.0" encoding="UTF-8"?>
<!-- Generated by org.testng.reporters.JUnitReportReporter -->
<testsuite hostname="DESKTOP-LEJRCLR" name="AllTests.fileDownload" tests="1" failures="0" timestamp="18 Feb 2021 15:28:33 GMT" time="6.093" errors="0">
  <testcase name="runTest" time="6.093" classname="AllTests.fileDownload"/>
</testsuite> <!-- AllTests.fileDownload -->
