<?xml version="1.0" encoding="UTF-8"?>
<!-- Generated by org.testng.reporters.JUnitReportReporter -->
<testsuite hostname="DESKTOP-LEJRCLR" name="AllTests.dropDown" tests="1" failures="0" timestamp="18 Feb 2021 04:32:59 GMT" time="4.745" errors="0">
  <testcase name="runTest" time="4.745" classname="AllTests.dropDown"/>
</testsuite> <!-- AllTests.dropDown -->
