<?xml version="1.0" encoding="UTF-8"?>
<!-- Generated by org.testng.reporters.JUnitReportReporter -->
<testsuite hostname="DESKTOP-LEJRCLR" name="AllTests.multipleWindows" tests="1" failures="0" timestamp="22 Feb 2021 16:52:35 GMT" time="6.678" errors="0">
  <testcase name="runTest" time="6.678" classname="AllTests.multipleWindows"/>
</testsuite> <!-- AllTests.multipleWindows -->
