<?xml version="1.0" encoding="UTF-8"?>
<!-- Generated by org.testng.reporters.JUnitReportReporter -->
<testsuite hostname="DESKTOP-LEJRCLR" name="AllTests.entryAd" tests="1" failures="0" timestamp="18 Feb 2021 15:02:06 GMT" time="12.768" errors="0">
  <testcase name="runTest" time="12.768" classname="AllTests.entryAd"/>
</testsuite> <!-- AllTests.entryAd -->
