<?xml version="1.0" encoding="UTF-8"?>
<!-- Generated by org.testng.reporters.JUnitReportReporter -->
<testsuite hostname="DESKTOP-LEJRCLR" name="AllTests.BrokenImage" tests="1" failures="0" timestamp="17 Feb 2021 19:11:37 GMT" time="2.899" errors="0">
  <testcase name="runTest" time="2.899" classname="AllTests.BrokenImage"/>
</testsuite> <!-- AllTests.BrokenImage -->
